f:\hitetouchpro_work\test_cross_1\utility\win32\debug\vc140.pdb
f:\hitetouchpro_work\test_cross_1\utility\win32\debug\hhsystemtool.obj
f:\hitetouchpro_work\test_cross_1\utility\win32\debug\hhsolution.obj
f:\hitetouchpro_work\test_cross_1\utility\win32\debug\hhofficeoperator.obj
f:\hitetouchpro_work\test_cross_1\utility\win32\debug\hhofficedoc.obj
f:\hitetouchpro_work\test_cross_1\utility\win32\debug\hhmodeinfodata.obj
f:\hitetouchpro_work\test_cross_1\utility\win32\debug\hhhotkeyinfo.obj
f:\hitetouchpro_work\test_cross_1\utility\win32\debug\hhfileconvert.obj
f:\hitetouchpro_work\test_cross_1\utility\win32\debug\hhbutton.obj
f:\hitetouchpro_work\test_cross_1\utility\win32\debug\except.obj
f:\hitetouchpro_work\test_cross_1\utility\win32\debug\vorecogengine.obj
f:\hitetouchpro_work\test_cross_1\utility\win32\debug\recognitionresults.obj
f:\hitetouchpro_work\test_cross_1\utility\win32\debug\recogengine.obj
f:\hitetouchpro_work\test_cross_1\utility\win32\debug\math_recogengine.obj
f:\hitetouchpro_work\test_cross_1\utility\win32\debug\msrecogengine.obj
f:\hitetouchpro_work\test_cross_1\utility\win32\debug\moc_hhutilityfunctions.obj
f:\hitetouchpro_work\test_cross_1\utility\win32\debug\moc_hhusbdog.obj
f:\hitetouchpro_work\test_cross_1\utility\win32\debug\moc_hhtextrecognizer.obj
f:\hitetouchpro_work\test_cross_1\utility\win32\debug\moc_hhofficeoperator.obj
f:\hitetouchpro_work\test_cross_1\utility\win32\debug\moc_hhfileconvert.obj
f:\hitetouchpro_work\test_cross_1\utility\win32\debug\chem_recogengine.obj
f:\hitetouchpro_work\test_cross_1\utility\win32\debug\pdflib.obj
f:\hitetouchpro_work\test_cross_1\utility\win32\debug\lib_dpi_sacle.obj
f:\hitetouchpro_work\test_cross_1\utility\win32\debug\hhutilityfunctions.obj
f:\hitetouchpro_work\test_cross_1\utility\win32\debug\hhusbdog.obj
f:\hitetouchpro_work\test_cross_1\utility\win32\debug\hhtextrecognizer.obj
f:\hitetouchpro_work\test_cross_1\utility\win32\debug\hhsysunit.obj
f:\hitetouchpro_work\test_cross_1\utility\win32\debug\qrc_res.obj
f:\hitetouchpro_work\test_cross_1\utility\win32\debug\myscripthwr-strtagtype.obj
f:\hitetouchpro_work\test_cross_1\utility\win32\debug\myscripthwr-strcandidateflag.obj
f:\hitetouchpro_work\test_cross_1\utility\win32\debug\myscriptengine-strtype.obj
f:\hitetouchpro_work\test_cross_1\utility\win32\debug\myscriptengine-strerror.obj
f:\hitetouchpro_work\test_cross_1\utility\win32\debug\mycertificate.c.obj
f:\hitetouchpro_work\test_cross_1\utility\debug\moc_hhfileconvert.cpp
f:\hitetouchpro_work\test_cross_1\utility\debug\moc_hhofficeoperator.cpp
f:\hitetouchpro_work\test_cross_1\utility\debug\moc_hhtextrecognizer.cpp
f:\hitetouchpro_work\test_cross_1\utility\debug\moc_hhusbdog.cpp
f:\hitetouchpro_work\test_cross_1\utility\debug\moc_hhutilityfunctions.cpp
f:\hitetouchpro_work\test_cross_1\utility\generatedfiles\qrc_res.cpp
f:\hitetouchpro_work\test_cross_1\utility\debug\moc_predefs.h
f:\hitetouchpro_work\test_cross_1\bin\debug\x86\utility.ilk
f:\hitetouchpro_work\test_cross_1\bin\debug\x86\utility.dll
f:\hitetouchpro_work\test_cross_1\bin\debug\x86\utility.pdb
f:\hitetouchpro_work\test_cross_1\bin\debug\x86\utility.lib
f:\hitetouchpro_work\test_cross_1\bin\debug\x86\utility.exp
f:\hitetouchpro_work\test_cross_1\utility\win32\debug\acrobat.tli
f:\hitetouchpro_work\test_cross_1\utility\win32\debug\excel9.tli
f:\hitetouchpro_work\test_cross_1\utility\win32\debug\mso.tli
f:\hitetouchpro_work\test_cross_1\utility\win32\debug\msppt9.tli
f:\hitetouchpro_work\test_cross_1\utility\win32\debug\msword.tli
f:\hitetouchpro_work\test_cross_1\utility\win32\debug\vbe6ext.tli
f:\hitetouchpro_work\test_cross_1\utility\win32\debug\vislib.tli
f:\hitetouchpro_work\test_cross_1\utility\win32\debug\acrobat.tlh
f:\hitetouchpro_work\test_cross_1\utility\win32\debug\excel9.tlh
f:\hitetouchpro_work\test_cross_1\utility\win32\debug\mso.tlh
f:\hitetouchpro_work\test_cross_1\utility\win32\debug\msppt9.tlh
f:\hitetouchpro_work\test_cross_1\utility\win32\debug\msword.tlh
f:\hitetouchpro_work\test_cross_1\utility\win32\debug\vbe6ext.tlh
f:\hitetouchpro_work\test_cross_1\utility\win32\debug\vislib.tlh
f:\hitetouchpro_work\test_cross_1\utility\..\bin\debug\x86\utility.dll
f:\hitetouchpro_work\test_cross_1\utility\win32\debug\utility.tlog\cl.command.1.tlog
f:\hitetouchpro_work\test_cross_1\utility\win32\debug\utility.tlog\cl.read.1.tlog
f:\hitetouchpro_work\test_cross_1\utility\win32\debug\utility.tlog\cl.write.1.tlog
f:\hitetouchpro_work\test_cross_1\utility\win32\debug\utility.tlog\custombuild.command.1.tlog
f:\hitetouchpro_work\test_cross_1\utility\win32\debug\utility.tlog\custombuild.read.1.tlog
f:\hitetouchpro_work\test_cross_1\utility\win32\debug\utility.tlog\custombuild.write.1.tlog
f:\hitetouchpro_work\test_cross_1\utility\win32\debug\utility.tlog\link.command.1.tlog
f:\hitetouchpro_work\test_cross_1\utility\win32\debug\utility.tlog\link.read.1.tlog
f:\hitetouchpro_work\test_cross_1\utility\win32\debug\utility.tlog\link.write.1.tlog
f:\hitetouchpro_work\test_cross_1\utility\win32\debug\utility.tlog\utility.write.1u.tlog
